15:17:18 **** Incremental Build of configuration Debug for project sidh9846_l02 ****
make all 
Building file: ../src/by_index.c
Invoking: GCC C Compiler
gcc -O0 -g3 -Wall -c -fmessage-length=0 -MMD -MP -MF"src/by_index.d" -MT"src/by_index.o" -o "src/by_index.o" "../src/by_index.c"
../src/by_index.c:44:26: warning: format specifies type 'long' but the argument has type 'int' [-Wformat]
                printf("%5li %11li\n", values[i], squares[i]);
                        ~~~~           ^~~~~~~~~
                        %5i
1 warning generated.
Finished building: ../src/by_index.c
 
Building file: ../src/by_ptr.c
Invoking: GCC C Compiler
gcc -O0 -g3 -Wall -c -fmessage-length=0 -MMD -MP -MF"src/by_ptr.d" -MT"src/by_ptr.o" -o "src/by_ptr.o" "../src/by_ptr.c"
../src/by_ptr.c:44:26: warning: format specifies type 'long' but the argument has type 'int' [-Wformat]
                printf("%5li %11li\n", *(values + i), *(squares + i));
                        ~~~~           ^~~~~~~~~~~~~
                        %5i
1 warning generated.
Finished building: ../src/by_ptr.c
 
Building target: sidh9846_l02
Invoking: MacOS X C Linker
gcc  -o "sidh9846_l02"  ./src/by_index.o ./src/by_ptr.o ./src/main.o   
Finished building target: sidh9846_l02
 

15:17:19 Build Finished. 0 errors, 2 warnings. (took 938ms)

