00:15:37 **** Incremental Build of configuration Debug for project sidh9846_l09 ****
make all 
Building file: ../src/min_heap.c
Invoking: GCC C Compiler
gcc -O0 -g3 -Wall -c -fmessage-length=0 -MMD -MP -MF"src/min_heap.d" -MT"src/min_heap.o" -o "src/min_heap.o" "../src/min_heap.c"
In file included from ../src/min_heap.c:16:
../src/min_heap.h:38:11: warning: a function declaration without a prototype is deprecated in all versions of C and is treated as a zero-parameter prototype in C2x, conflicting with a subsequent definition [-Wdeprecated-non-prototype]
min_heap* min_heap_initialize();
          ^
../src/min_heap.c:87:11: note: conflicting prototype is here
min_heap* min_heap_initialize(int capacity) {
          ^
../src/min_heap.c:97:22: warning: incompatible pointer to integer conversion assigning to 'int' from 'void *' [-Wint-conversion]
        (*source)->capacity = NULL;
                            ^ ~~~~
../src/min_heap.c:98:19: warning: incompatible pointer to integer conversion assigning to 'int' from 'void *' [-Wint-conversion]
        (*source)->count = NULL;
                         ^ ~~~~
../src/min_heap.c:100:7: warning: incompatible integer to pointer conversion passing 'int' to parameter of type 'void *' [-Wint-conversion]
        free((*source)->capacity);
             ^~~~~~~~~~~~~~~~~~~
/Library/Developer/CommandLineTools/SDKs/MacOSX.sdk/usr/include/malloc/_malloc.h:47:18: note: passing argument to parameter here
void  free(void *);
                 ^
../src/min_heap.c:101:7: warning: incompatible integer to pointer conversion passing 'int' to parameter of type 'void *' [-Wint-conversion]
        free((*source)->count);
             ^~~~~~~~~~~~~~~~
/Library/Developer/CommandLineTools/SDKs/MacOSX.sdk/usr/include/malloc/_malloc.h:47:18: note: passing argument to parameter here
void  free(void *);
                 ^
5 warnings generated.
Finished building: ../src/min_heap.c
 
Building target: sidh9846_l09
Invoking: MacOS X C Linker
gcc  -o "sidh9846_l09"  ./src/main.o ./src/min_heap.o   
Finished building target: sidh9846_l09
 

00:15:38 Build Finished. 0 errors, 5 warnings. (took 452ms)

